<?xml version="1.0" encoding="UTF-8"?>
<testsuite name="com.qualityalternative.app.ui.MainViewModelTest" tests="143" skipped="0" failures="0" errors="0" timestamp="2026-06-07T21:16:47.083Z" hostname="mac-studio.home" time="0.287">
  <properties/>
  <testcase name="annotationAutosaveFailureKeepsSavedNoteAndShowsRecoverableStatus" classname="com.qualityalternative.app.ui.MainViewModelTest" time="0.027"/>
  <testcase name="cancelSingleDocumentImportPreparationIgnoresLateCandidateResult" classname="com.qualityalternative.app.ui.MainViewModelTest" time="0.003"/>
  <testcase name="openAnywayRechecksBedtimeWhenNormalInterventionCrossesIntoBedtimeWindow" classname="com.qualityalternative.app.ui.MainViewModelTest" time="0.007"/>
  <testcase name="acceptingMeditationRoutesToTimerAndCompletionRecordsMeditationEvent" classname="com.qualityalternative.app.ui.MainViewModelTest" time="0.003"/>
  <testcase name="delayedIncompleteLifecycleSaveCannotOverwriteInFlightCompletion" classname="com.qualityalternative.app.ui.MainViewModelTest" time="0.004"/>
  <testcase name="prototypeTopicsExposeSprint9TopicsWithoutUserFacingOtherBucket" classname="com.qualityalternative.app.ui.MainViewModelTest" time="0.001"/>
  <testcase name="requestSystemInterception_ignoresUnselectedTargetPackage" classname="com.qualityalternative.app.ui.MainViewModelTest" time="0.001"/>
  <testcase name="googleDriveAnnotationAutosaveRefreshesTokenSilentlyAfterProcessRestart" classname="com.qualityalternative.app.ui.MainViewModelTest" time="0.003"/>
  <testcase name="bedtimeModeKeepsAlternativesButRequiresOneMinuteEmergencyUnlock" classname="com.qualityalternative.app.ui.MainViewModelTest" time="0.002"/>
  <testcase name="triggerDebugIntervention_recordsStructuredDelayReturnEvents" classname="com.qualityalternative.app.ui.MainViewModelTest" time="0.003"/>
  <testcase name="accountLightReplaceImportWithAllMissingAppTargetsDoesNotSelectDefaults" classname="com.qualityalternative.app.ui.MainViewModelTest" time="0.004"/>
  <testcase name="onboardingDefaultProfileRestoreAppliesSharedBackupImmediately" classname="com.qualityalternative.app.ui.MainViewModelTest" time="0.003"/>
  <testcase name="expiredDelayReturnDoesNotAlsoRecordSessionReturnForSameAttempt" classname="com.qualityalternative.app.ui.MainViewModelTest" time="0.002"/>
  <testcase name="configureAnnotationExportReportsPersistPermissionFailureWithoutWriting" classname="com.qualityalternative.app.ui.MainViewModelTest" time="0.003"/>
  <testcase name="openingLegacyDocumentRepairsDurationFromLoadedReaderText" classname="com.qualityalternative.app.ui.MainViewModelTest" time="0.003"/>
  <testcase name="profileAutosaveFailureKeepsDestinationAndDoesNotBlockAppUse" classname="com.qualityalternative.app.ui.MainViewModelTest" time="0.002"/>
  <testcase name="triggerDebugIntervention_clearsExpiredDelayWindowFromUiState" classname="com.qualityalternative.app.ui.MainViewModelTest" time="0.002"/>
  <testcase name="meditationDurationChangeOnTimerKeepsAcceptedSessionConsistent" classname="com.qualityalternative.app.ui.MainViewModelTest" time="0.003"/>
  <testcase name="reopenedReaderUsesPendingLatestProgressBeforeRepositoryWriteCompletes" classname="com.qualityalternative.app.ui.MainViewModelTest" time="0.003"/>
  <testcase name="requestSystemInterception_opensFixtureTargetAndOpenAnywayReturnsTrue" classname="com.qualityalternative.app.ui.MainViewModelTest" time="0.002"/>
  <testcase name="addLinkWithNoTopic_staysDisabledAndShowsTopicError" classname="com.qualityalternative.app.ui.MainViewModelTest" time="0.001"/>
  <testcase name="applySettingsDropsMeditationFromReactivatedCompletedContent" classname="com.qualityalternative.app.ui.MainViewModelTest" time="0.002"/>
  <testcase name="editToggleAndDeleteWebsiteRule_updatesRepository" classname="com.qualityalternative.app.ui.MainViewModelTest" time="0.002"/>
  <testcase name="hydrationWaitsForContentRepositoryReadiness" classname="com.qualityalternative.app.ui.MainViewModelTest" time="0.002"/>
  <testcase name="finishMeditationResetKeepsMeditationAsActiveDelaySuggestion" classname="com.qualityalternative.app.ui.MainViewModelTest" time="0.002"/>
  <testcase name="togglePriorityContentUpdatesSettingsRecommendationPreferencesAndAnalytics" classname="com.qualityalternative.app.ui.MainViewModelTest" time="0.003"/>
  <testcase name="clearAnnotationExportReleasesPermissionAndClearsStatus" classname="com.qualityalternative.app.ui.MainViewModelTest" time="0.001"/>
  <testcase name="backgroundRepairContinuesPastFailedNewestCandidatesWithinBoundedScan" classname="com.qualityalternative.app.ui.MainViewModelTest" time="0.003"/>
  <testcase name="failedUserDocumentHandoffMarksDocumentUnavailableAndDiagnosticsCountIt" classname="com.qualityalternative.app.ui.MainViewModelTest" time="0.003"/>
  <testcase name="googleDriveAnnotationSyncFailureKeepsLocalNoteAndRecoverableStatus" classname="com.qualityalternative.app.ui.MainViewModelTest" time="0.002"/>
  <testcase name="triggerDebugIntervention_ignoresCompletedMeditationForExclusions" classname="com.qualityalternative.app.ui.MainViewModelTest" time="0.001"/>
  <testcase name="finishReading_marksHistoryCompletedAndExcludesContent" classname="com.qualityalternative.app.ui.MainViewModelTest" time="0.003"/>
  <testcase name="saveUserLinkFromForm_persistsLinkAndRecordsAnalytics" classname="com.qualityalternative.app.ui.MainViewModelTest" time="0.003"/>
  <testcase name="configuredProfileAutosaveRunsAfterThemeModeChange" classname="com.qualityalternative.app.ui.MainViewModelTest" time="0.001"/>
  <testcase name="googleDriveAnnotationAutosaveRefreshesTokenSilentlyWhenCachedTokenIsStale" classname="com.qualityalternative.app.ui.MainViewModelTest" time="0.002"/>
  <testcase name="websiteBedtimeInterventionKeepsAlternativesAndUnlocksOnlyWebsiteKey" classname="com.qualityalternative.app.ui.MainViewModelTest" time="0.002"/>
  <testcase name="selectThemeMode_persistsAndUpdatesUiState" classname="com.qualityalternative.app.ui.MainViewModelTest" time="0.002"/>
  <testcase name="openAnyway_isBlockedUntilFiveSecondFormInterventionUnlockFinishes" classname="com.qualityalternative.app.ui.MainViewModelTest" time="0.002"/>
  <testcase name="finishReading_deactivatesReactivatedCompletedContentAgain" classname="com.qualityalternative.app.ui.MainViewModelTest" time="0.001"/>
  <testcase name="delayFor15MinutesIsNotAvailableAfterSettingsEmissionConvertsInterventionToBedtime" classname="com.qualityalternative.app.ui.MainViewModelTest" time="0.002"/>
  <testcase name="completedActivation_reactivatesCompletedContentForRecommendations" classname="com.qualityalternative.app.ui.MainViewModelTest" time="0.002"/>
  <testcase name="interfaceTextScaleSettingPersistsAndAutosavesPortableProfile" classname="com.qualityalternative.app.ui.MainViewModelTest" time="0.002"/>
  <testcase name="finishMeditationReset_doesNotCreateCompletedContentEvenForDefensiveDirectOpen" classname="com.qualityalternative.app.ui.MainViewModelTest" time="0.002"/>
  <testcase name="openAnnotationTargetOpensReaderAtSavedParagraph" classname="com.qualityalternative.app.ui.MainViewModelTest" time="0.001"/>
  <testcase name="configuredProfileAutosaveRunsAfterPortableProfileMutations" classname="com.qualityalternative.app.ui.MainViewModelTest" time="0.006"/>
  <testcase name="openAnywayRechecksBedtimeEvenAfterSettingsEmissionUpdatesGlobalBedtimeState" classname="com.qualityalternative.app.ui.MainViewModelTest" time="0.003"/>
  <testcase name="triggerDebugIntervention_keepsMeditationAvailableWhenReadingInventoryIsCompleted" classname="com.qualityalternative.app.ui.MainViewModelTest" time="0.002"/>
  <testcase name="saveUserLinkWithRejectedDraft_keepsAddLinkOpenWithErrors" classname="com.qualityalternative.app.ui.MainViewModelTest" time="0.001"/>
  <testcase name="readerFontScaleSettingPersistsAndAutosavesPortableProfile" classname="com.qualityalternative.app.ui.MainViewModelTest" time="0.002"/>
  <testcase name="requestSystemWebsiteInterceptionWithExternalUrlRecommendationKeepsAnalyticsUrlPrivate" classname="com.qualityalternative.app.ui.MainViewModelTest" time="0.002"/>
  <testcase name="inAppRenderModeRoutesToReaderWithoutRuntimeRightsBlocking" classname="com.qualityalternative.app.ui.MainViewModelTest" time="0.001"/>
  <testcase name="libraryUnreadableMarkdownDocumentIsMarkedUnavailableInsteadOfCrashing" classname="com.qualityalternative.app.ui.MainViewModelTest" time="0.002"/>
  <testcase name="readerFontScaleSettingClampsToPortableRange" classname="com.qualityalternative.app.ui.MainViewModelTest" time="0.001"/>
  <testcase name="deleteSelectedLibraryContentDeletesUserItemsCleansPriorityReleasesDocumentPermissionAndExcludesRecommendations" classname="com.qualityalternative.app.ui.MainViewModelTest" time="0.002"/>
  <testcase name="requestSystemInterception_recordsDegradedPerformanceWhenShownTooLate" classname="com.qualityalternative.app.ui.MainViewModelTest" time="0.002"/>
  <testcase name="openLibraryItemIgnoresSlowPrivateReaderLoadAfterNavigationAway" classname="com.qualityalternative.app.ui.MainViewModelTest" time="0.001"/>
  <testcase name="completeOnboarding_selectsAllDefaultSharedPacksWhenAvailable" classname="com.qualityalternative.app.ui.MainViewModelTest" time="0.001"/>
  <testcase name="startActiveDelayAlternativeRefusesUnavailableSuggestion" classname="com.qualityalternative.app.ui.MainViewModelTest" time="0.002"/>
  <testcase name="saveUserDocumentFromForm_persistsFileAndRecordsAnalytics" classname="com.qualityalternative.app.ui.MainViewModelTest" time="0.002"/>
  <testcase name="requestSystemInterception_waitsUntilHydrationCompletes" classname="com.qualityalternative.app.ui.MainViewModelTest" time="0.001"/>
  <testcase name="unfinishedContentGetsAbsolutePrimaryPriorityAndAnalytics" classname="com.qualityalternative.app.ui.MainViewModelTest" time="0.001"/>
  <testcase name="openLibraryItemIgnoresStalePrivateReaderLoadWhenAnotherOpenStarts" classname="com.qualityalternative.app.ui.MainViewModelTest" time="0.001"/>
  <testcase name="deleteReadingAnnotationAutosavesUpdatedJsonLd" classname="com.qualityalternative.app.ui.MainViewModelTest" time="0.002"/>
  <testcase name="meditationDurationCanBeChangedBeforeStartingCurrentMeditation" classname="com.qualityalternative.app.ui.MainViewModelTest" time="0.001"/>
  <testcase name="beginUserDocumentImportPreparationShowsBusyStateUntilCandidatesAreReady" classname="com.qualityalternative.app.ui.MainViewModelTest" time="0.001"/>
  <testcase name="inventoryShortageRecordsSourceDiagnostics" classname="com.qualityalternative.app.ui.MainViewModelTest" time="0.001"/>
  <testcase name="completeOnboarding_updatesUiStateFromRepositoryFlow" classname="com.qualityalternative.app.ui.MainViewModelTest" time="0.001"/>
  <testcase name="formInterventionAbandonmentRecordsAnalyticsAndClearsIntervention" classname="com.qualityalternative.app.ui.MainViewModelTest" time="0.001"/>
  <testcase name="websiteOpenAnywaySuppressesWebsiteKeyWithoutSuppressingWholeBrowserTarget" classname="com.qualityalternative.app.ui.MainViewModelTest" time="0.002"/>
  <testcase name="triggerDebugIntervention_preservesExpiredDelayProvenanceAcrossActiveDelayReads" classname="com.qualityalternative.app.ui.MainViewModelTest" time="0.001"/>
  <testcase name="triggerDebugIntervention_marksReturnSignalForRecentSession" classname="com.qualityalternative.app.ui.MainViewModelTest" time="0.002"/>
  <testcase name="startActiveDelayAlternativeRefusesExpiredDelayWindow" classname="com.qualityalternative.app.ui.MainViewModelTest" time="0.002"/>
  <testcase name="malformedWebUrl_staysDisabledAndShowsMissingHostError" classname="com.qualityalternative.app.ui.MainViewModelTest" time="0.001"/>
  <testcase name="saveUserLinkWithPriorityAtAddPersistsPriorityAndRecordsDistinctAnalytics" classname="com.qualityalternative.app.ui.MainViewModelTest" time="0.001"/>
  <testcase name="finishReadingRemovesCompletedContentFromActiveDelaySuggestion" classname="com.qualityalternative.app.ui.MainViewModelTest" time="0.001"/>
  <testcase name="interventionInventoryIncludesUserLinksOnceFallbackFlowExists" classname="com.qualityalternative.app.ui.MainViewModelTest" time="0.001"/>
  <testcase name="setContentPriorityUpdatesSettingsAndRecommendationPreferences" classname="com.qualityalternative.app.ui.MainViewModelTest" time="0.002"/>
  <testcase name="completeOnboarding_selectsModernLinkOnlyPackWhenItIsAvailable" classname="com.qualityalternative.app.ui.MainViewModelTest" time="0.002"/>
  <testcase name="missingPortableDocumentDoesNotOpenFromLibrary" classname="com.qualityalternative.app.ui.MainViewModelTest" time="0.002"/>
  <testcase name="requestSystemWebsiteInterception_opensInterventionWithoutSelectedBrowserAndKeepsDomainPrivate" classname="com.qualityalternative.app.ui.MainViewModelTest" time="0.001"/>
  <testcase name="previewAccountLightImportShowsValidationErrorWithoutMutatingSettings" classname="com.qualityalternative.app.ui.MainViewModelTest" time="0.001"/>
  <testcase name="acceptingSharedLinkOnlyRoutesToExternalHandoffAndRecordsGenericOpen" classname="com.qualityalternative.app.ui.MainViewModelTest" time="0.002"/>
  <testcase name="accountLightMergeImportFailureShowsVisibleRollbackError" classname="com.qualityalternative.app.ui.MainViewModelTest" time="0.002"/>
  <testcase name="accountLightMergeImportKeepsLocalPortableSettings" classname="com.qualityalternative.app.ui.MainViewModelTest" time="0.001"/>
  <testcase name="configuredAnnotationExportAutosavesSavedReaderNotes" classname="com.qualityalternative.app.ui.MainViewModelTest" time="0.002"/>
  <testcase name="addLinkWithBlankUrl_staysDisabledAndShowsUrlError" classname="com.qualityalternative.app.ui.MainViewModelTest" time="0.001"/>
  <testcase name="prepareUserDocumentImportUsesSharedCandidateFactoryEstimate" classname="com.qualityalternative.app.ui.MainViewModelTest" time="0.002"/>
  <testcase name="acceptingUserLinkRoutesToExternalHandoffAndRecordsFallbackOpen" classname="com.qualityalternative.app.ui.MainViewModelTest" time="0.001"/>
  <testcase name="saveUserLinkWithRepositoryFailure_keepsAddLinkOpenAndClearsSaving" classname="com.qualityalternative.app.ui.MainViewModelTest" time="0.001"/>
  <testcase name="toggleSettingsAppRecalculatesActiveDelaySuggestionForNewSelectedApp" classname="com.qualityalternative.app.ui.MainViewModelTest" time="0.002"/>
  <testcase name="addLinkWithBlankTitle_staysDisabledAndShowsTitleError" classname="com.qualityalternative.app.ui.MainViewModelTest" time="0.001"/>
  <testcase name="disconnectGoogleDriveAnnotationSyncClearsPersistedState" classname="com.qualityalternative.app.ui.MainViewModelTest" time="0.001"/>
  <testcase name="unreadableMarkdownDocumentIsMarkedUnavailableInsteadOfOpeningBlankReader" classname="com.qualityalternative.app.ui.MainViewModelTest" time="0.002"/>
  <testcase name="saveWebsiteRuleDraft_typedWildcardRequiresExplicitApexChoice" classname="com.qualityalternative.app.ui.MainViewModelTest" time="0.002"/>
  <testcase name="completeOnboarding_selectsAttentionClassicsPackWhenItIsAvailable" classname="com.qualityalternative.app.ui.MainViewModelTest" time="0.001"/>
  <testcase name="openAnyway_usesConfiguredUnlockWindowAndSuppressesRepeatedSystemIntervention" classname="com.qualityalternative.app.ui.MainViewModelTest" time="0.002"/>
  <testcase name="localAnnotationDefaultFailureStaysVisibleAndKeepsDefaultDestination" classname="com.qualityalternative.app.ui.MainViewModelTest" time="0.001"/>
  <testcase name="addDocumentEditsDoNotClearPreparingStateBeforeCandidateReturns" classname="com.qualityalternative.app.ui.MainViewModelTest" time="0.001"/>
  <testcase name="interfaceTextScaleSettingClampsToPortableRange" classname="com.qualityalternative.app.ui.MainViewModelTest" time="0.001"/>
  <testcase name="accountLightReplaceImportRequiresConfirmationAndAppliesPortableSettings" classname="com.qualityalternative.app.ui.MainViewModelTest" time="0.002"/>
  <testcase name="failedUserLinkHandoffMarksLinkUnavailableAndDoesNotRecordSuccessfulOpen" classname="com.qualityalternative.app.ui.MainViewModelTest" time="0.001"/>
  <testcase name="defaultProfileBackupPreviewRequiresSettingsConfirmationBeforeReplace" classname="com.qualityalternative.app.ui.MainViewModelTest" time="0.002"/>
  <testcase name="googleDriveFolderProviderFallbackConnectsAnnotationExportWithoutOAuth" classname="com.qualityalternative.app.ui.MainViewModelTest" time="0.002"/>
  <testcase name="libraryPdfHandoffFailureMarksDocumentUnavailableWithoutSession" classname="com.qualityalternative.app.ui.MainViewModelTest" time="0.001"/>
  <testcase name="skippingMeditationMarksSessionSkippedAndRecordsMeditationEvent" classname="com.qualityalternative.app.ui.MainViewModelTest" time="0.001"/>
  <testcase name="acceptingPrivatePdfDocumentRoutesToExternalHandoffAndRecordsGenericOpen" classname="com.qualityalternative.app.ui.MainViewModelTest" time="0.002"/>
  <testcase name="selectInterventionMode_persistsAndUpdatesUiState" classname="com.qualityalternative.app.ui.MainViewModelTest" time="0.001"/>
  <testcase name="saveUserDocument_retainsReadPermissionOnlyAfterSuccessfulSave" classname="com.qualityalternative.app.ui.MainViewModelTest" time="0.002"/>
  <testcase name="openAnnotationTargetWithMissingSourceStaysInAnnotationLibrary" classname="com.qualityalternative.app.ui.MainViewModelTest" time="0.001"/>
  <testcase name="manualLibraryReadingSavesRestoresAndCompletesProgressWithoutInterventionSession" classname="com.qualityalternative.app.ui.MainViewModelTest" time="0.002"/>
  <testcase name="triggerDebugIntervention_keepsLoadingUntilPersistedSourcesAreReady" classname="com.qualityalternative.app.ui.MainViewModelTest" time="0.001"/>
  <testcase name="delayActionKeepsShortAlternativeAvailableWithSeparateAnalytics" classname="com.qualityalternative.app.ui.MainViewModelTest" time="0.002"/>
  <testcase name="changedDestinationsRemainExplicitAndCanReturnToLocalDefaults" classname="com.qualityalternative.app.ui.MainViewModelTest" time="0.002"/>
  <testcase name="completedExclusion_usesAllCompletedIdsNotJustVisibleHistoryWindow" classname="com.qualityalternative.app.ui.MainViewModelTest" time="0.001"/>
  <testcase name="unfinishedLegacyDocumentDurationIsRepairedBeforeContinueCardUsesRemainingTime" classname="com.qualityalternative.app.ui.MainViewModelTest" time="0.002"/>
  <testcase name="delayedOlderReaderProgressSaveCannotOverwriteNewerVisiblePosition" classname="com.qualityalternative.app.ui.MainViewModelTest" time="0.002"/>
  <testcase name="bedtimeWindowIsActiveTreatsEqualStartEndAsAllDay" classname="com.qualityalternative.app.ui.MainViewModelTest" time="0.0"/>
  <testcase name="latestReaderProgressSaveSurvivesViewModelCloseBeforeRepositoryWriteCompletes" classname="com.qualityalternative.app.ui.MainViewModelTest" time="0.003"/>
  <testcase name="staleFailedPrivateReaderLoadDoesNotClearNewerOpen" classname="com.qualityalternative.app.ui.MainViewModelTest" time="0.002"/>
  <testcase name="softInterventionModeLeavesOpenAnywayImmediatelyAvailable" classname="com.qualityalternative.app.ui.MainViewModelTest" time="0.001"/>
  <testcase name="settingsHydrationRestoresSelectedCustomTargetApp" classname="com.qualityalternative.app.ui.MainViewModelTest" time="0.001"/>
  <testcase name="cancelAddDocumentImportPreparationIgnoresLateBatchResult" classname="com.qualityalternative.app.ui.MainViewModelTest" time="0.001"/>
  <testcase name="localDefaultsEnableAnnotationSyncAndProfileBackupWithoutFolderSelection" classname="com.qualityalternative.app.ui.MainViewModelTest" time="0.002"/>
  <testcase name="sameVisibleReaderProgressStillRefreshesDurableStoreForLifecycleStop" classname="com.qualityalternative.app.ui.MainViewModelTest" time="0.001"/>
  <testcase name="googleDriveAnnotationSyncConnectsAndAutosavesPerSourceJsonLd" classname="com.qualityalternative.app.ui.MainViewModelTest" time="0.003"/>
  <testcase name="acceptingPrivateMarkdownDocumentRoutesToReaderAndRecordsPrivateMetadata" classname="com.qualityalternative.app.ui.MainViewModelTest" time="0.002"/>
  <testcase name="meditationDurationSettingUpdatesUtilityReplacementInventory" classname="com.qualityalternative.app.ui.MainViewModelTest" time="0.001"/>
  <testcase name="openLibraryItemLoadsPrivateReaderBodyAwayFromMainStatePath" classname="com.qualityalternative.app.ui.MainViewModelTest" time="0.001"/>
  <testcase name="openingAfterBackgroundDurationRepairDoesNotDuplicateRepairAnalyticsOrAutosave" classname="com.qualityalternative.app.ui.MainViewModelTest" time="0.003"/>
  <testcase name="bedtimeBoundaryRefreshConvertsIdleNormalInterventionWithoutSettingsEmission" classname="com.qualityalternative.app.ui.MainViewModelTest" time="0.002"/>
  <testcase name="addLinkWithBlankDuration_staysDisabledAndShowsDurationError" classname="com.qualityalternative.app.ui.MainViewModelTest" time="0.001"/>
  <testcase name="completeOnboarding_selectsSprint9PacksWhenAvailable" classname="com.qualityalternative.app.ui.MainViewModelTest" time="0.001"/>
  <testcase name="incompleteLifecycleSaveAfterCompletionDoesNotDowngradeCompletedProgress" classname="com.qualityalternative.app.ui.MainViewModelTest" time="0.001"/>
  <testcase name="configuredProfileAutosaveWritesPortableProfileAndStatus" classname="com.qualityalternative.app.ui.MainViewModelTest" time="0.002"/>
  <testcase name="backgroundRepairDoesNotCascadeBeyondSingleBoundedStartupCycle" classname="com.qualityalternative.app.ui.MainViewModelTest" time="0.003"/>
  <testcase name="bedtimeModeIgnoresPreExistingNormalOpenAnywaySuppression" classname="com.qualityalternative.app.ui.MainViewModelTest" time="0.001"/>
  <testcase name="localProfileDefaultFailureStaysVisibleAndKeepsDefaultDestination" classname="com.qualityalternative.app.ui.MainViewModelTest" time="0.002"/>
  <testcase name="batchDocumentImportSavesSupportedFilesSkipsUnsupportedPersistsPriorityAndAnalytics" classname="com.qualityalternative.app.ui.MainViewModelTest" time="0.002"/>
  <testcase name="triggerDebugIntervention_preservesExpiredDelayProvenanceWithPreferencesDelayGate" classname="com.qualityalternative.app.ui.MainViewModelTest" time="0.003"/>
  <testcase name="saveWebsiteRuleDraft_rejectsDuplicateAndPrivateHosts" classname="com.qualityalternative.app.ui.MainViewModelTest" time="0.002"/>
  <testcase name="libraryManageModeDoesNotSelectOrDeleteEditorialContent" classname="com.qualityalternative.app.ui.MainViewModelTest" time="0.001"/>
  <testcase name="saveWebsiteRuleDraft_addsExactRuleWithNormalizedHost" classname="com.qualityalternative.app.ui.MainViewModelTest" time="0.002"/>
  <testcase name="triggerDebugIntervention_ignoresStaleCompletedMeditationReadingProgress" classname="com.qualityalternative.app.ui.MainViewModelTest" time="0.001"/>
  <system-out><![CDATA[]]></system-out>
  <system-err><![CDATA[]]></system-err>
</testsuite>
