<?xml version="1.0" encoding="UTF-8"?>
<testsuite name="com.qualityalternative.app.data.EpubTextExtractorTest" tests="25" skipped="0" failures="0" errors="0" timestamp="2026-06-07T21:16:45.525Z" hostname="mac-studio.home" time="0.593">
  <properties/>
  <testcase name="extractDocumentMapsManyAnchorsWithoutChangingGlobalBlockTargets" classname="com.qualityalternative.app.data.EpubTextExtractorTest" time="0.036"/>
  <testcase name="extractDocumentMapsTocHrefToNearestSourceBlockWhenAnchorIsUnavailable" classname="com.qualityalternative.app.data.EpubTextExtractorTest" time="0.002"/>
  <testcase name="extractKeepsParentLevelContinuationAroundNestedChildListAtParentDepth" classname="com.qualityalternative.app.data.EpubTextExtractorTest" time="0.002"/>
  <testcase name="extractDocumentKeepsSourceBlockIndexesGlobalAcrossSpineDocuments" classname="com.qualityalternative.app.data.EpubTextExtractorTest" time="0.002"/>
  <testcase name="extractPreservesThreeLevelNestedListDepth" classname="com.qualityalternative.app.data.EpubTextExtractorTest" time="0.001"/>
  <testcase name="extractKeepsSameTypeNestedListsAttachedToTheirParentItem" classname="com.qualityalternative.app.data.EpubTextExtractorTest" time="0.002"/>
  <testcase name="extractAndReaderHandleNestedEmphasisWithoutRawMarkerLeakage" classname="com.qualityalternative.app.data.EpubTextExtractorTest" time="0.051"/>
  <testcase name="extractDocumentParsesEpub3NavTocAndMapsAnchorsToBlocks" classname="com.qualityalternative.app.data.EpubTextExtractorTest" time="0.002"/>
  <testcase name="extractDocumentMapsLaterTocAnchorAfterInlinePagebreakWithoutDrift" classname="com.qualityalternative.app.data.EpubTextExtractorTest" time="0.002"/>
  <testcase name="extractPreservesEpubStructureAsReaderMarkdown" classname="com.qualityalternative.app.data.EpubTextExtractorTest" time="0.001"/>
  <testcase name="extractKeepsNestedListsAttachedToTheirParentItem" classname="com.qualityalternative.app.data.EpubTextExtractorTest" time="0.002"/>
  <testcase name="extractPreservesContinuationParagraphsInsideNestedListDepth" classname="com.qualityalternative.app.data.EpubTextExtractorTest" time="0.001"/>
  <testcase name="extractDocumentFallsBackToHeadingTocWhenPackageHasNoToc" classname="com.qualityalternative.app.data.EpubTextExtractorTest" time="0.001"/>
  <testcase name="extractThrowsWhenReadableEntryExceedsSafetyLimit" classname="com.qualityalternative.app.data.EpubTextExtractorTest" time="0.135"/>
  <testcase name="extractPreservesOrderedListsAndContinuationText" classname="com.qualityalternative.app.data.EpubTextExtractorTest" time="0.001"/>
  <testcase name="extractReadsSpineOrderedXhtmlAsFiniteReaderText" classname="com.qualityalternative.app.data.EpubTextExtractorTest" time="0.001"/>
  <testcase name="extractKeepsLegitimateChapterNamesThatContainCover" classname="com.qualityalternative.app.data.EpubTextExtractorTest" time="0.0"/>
  <testcase name="extractDocumentIgnoresLargeBinaryAssetsWhileKeepingReadableSpine" classname="com.qualityalternative.app.data.EpubTextExtractorTest" time="0.022"/>
  <testcase name="extractDocumentKeepsEpub3GroupedNavParentOutOfTocWhenItHasNoDirectHref" classname="com.qualityalternative.app.data.EpubTextExtractorTest" time="0.002"/>
  <testcase name="extractDocumentParsesEpub2NcxToc" classname="com.qualityalternative.app.data.EpubTextExtractorTest" time="0.001"/>
  <testcase name="extractThrowsWhenAggregateReadableTextExceedsSafetyLimit" classname="com.qualityalternative.app.data.EpubTextExtractorTest" time="0.321"/>
  <testcase name="extractDoesNotFallbackToFilteredSpineOrUnlistedDocuments" classname="com.qualityalternative.app.data.EpubTextExtractorTest" time="0.001"/>
  <testcase name="extractSkipsNavCoverAndNonLinearSpineItems" classname="com.qualityalternative.app.data.EpubTextExtractorTest" time="0.001"/>
  <testcase name="extractThrowsWhenPackageDocumentIsMissing" classname="com.qualityalternative.app.data.EpubTextExtractorTest" time="0.001"/>
  <testcase name="extractDecodesNonBmpNumericEntities" classname="com.qualityalternative.app.data.EpubTextExtractorTest" time="0.001"/>
  <system-out><![CDATA[]]></system-out>
  <system-err><![CDATA[]]></system-err>
</testsuite>
