<?xml version="1.0" encoding="UTF-8"?>
<testsuite name="com.qualityalternative.app.domain.model.AnalyticsPrivacyGuardTest" tests="4" skipped="0" failures="0" errors="0" timestamp="2026-06-07T17:41:53.686Z" hostname="mac-studio.home" time="0.002">
  <properties/>
  <testcase name="analyticsTracker_exposesRemoteSafePayloadsWithoutLocalPackageIdentity" classname="com.qualityalternative.app.domain.model.AnalyticsPrivacyGuardTest" time="0.001"/>
  <testcase name="scrubDebugValue_redactsUrlsHostsPackagesAndKeepsSafeCounters" classname="com.qualityalternative.app.domain.model.AnalyticsPrivacyGuardTest" time="0.0"/>
  <testcase name="toRemotePayload_classifiesCustomAppTargetWithoutExportingPackageIdentity" classname="com.qualityalternative.app.domain.model.AnalyticsPrivacyGuardTest" time="0.0"/>
  <testcase name="toRemotePayload_keepsWebsiteRuleClassButDropsUrlHostPackageAndRuleId" classname="com.qualityalternative.app.domain.model.AnalyticsPrivacyGuardTest" time="0.0"/>
  <system-out><![CDATA[]]></system-out>
  <system-err><![CDATA[]]></system-err>
</testsuite>
