<?xml version="1.0" encoding="UTF-8"?>
<testsuite name="com.qualityalternative.app.data.ReadingTimeEstimatorTest" tests="2" skipped="0" failures="0" errors="0" timestamp="2026-06-07T18:14:02.454Z" hostname="mac-studio.home" time="0.033">
  <properties/>
  <testcase name="estimateFromTextUsesFullDocumentTimeWithSafetyCap" classname="com.qualityalternative.app.data.ReadingTimeEstimatorTest" time="0.033"/>
  <testcase name="pdfDefaultUsesInterventionSessionEstimate" classname="com.qualityalternative.app.data.ReadingTimeEstimatorTest" time="0.0"/>
  <system-out><![CDATA[]]></system-out>
  <system-err><![CDATA[]]></system-err>
</testsuite>
