<?xml version="1.0" encoding="UTF-8"?>
<testsuite name="com.qualityalternative.app.data.PreferencesDelayGateTest" tests="2" skipped="0" failures="0" errors="0" timestamp="2026-06-07T18:14:02.409Z" hostname="mac-studio.home" time="0.005">
  <properties/>
  <testcase name="storedDelayIsActiveThenExpires" classname="com.qualityalternative.app.data.PreferencesDelayGateTest" time="0.005"/>
  <testcase name="delayProvenanceAndFirstReturnAttemptRoundTripThroughEncoding" classname="com.qualityalternative.app.data.PreferencesDelayGateTest" time="0.0"/>
  <system-out><![CDATA[]]></system-out>
  <system-err><![CDATA[]]></system-err>
</testsuite>
