<?xml version='1.0' encoding='UTF-8' ?>
<testsuites tests="1" failures="0" errors="0" skipped="0" time="3.601" timestamp="2026-05-08T12:38:58" hostname="localhost">
  <testsuite name="com.qualityalternative.app.MainActivityTest" tests="1" failures="0" errors="0" skipped="0" time="3.021" timestamp="2026-05-08T12:38:58" hostname="localhost">
    <properties>
      <property name="device" value="qaApi36(AVD) - 16" />
      <property name="flavor" value="" />
      <property name="project" value=":app" />
    </properties>
    <testcase name="sprint19InterventionShowsMeditationAsCalmAlternativeWhenPrimaryIsReading" classname="com.qualityalternative.app.MainActivityTest" time="3.021" />
  </testsuite>
</testsuites>