<?xml version='1.0' encoding='UTF-8' ?>
<testsuites tests="136" failures="0" errors="0" skipped="0" time="1030.771" timestamp="2026-06-07T21:16:05" hostname="localhost">
  <testsuite name="com.qualityalternative.app.AccessibilityInterceptionTest" tests="5" failures="0" errors="0" skipped="0" time="28.429" timestamp="2026-06-07T21:16:05" hostname="localhost">
    <properties>
      <property name="device" value="qaApi36(AVD) - 16" />
      <property name="flavor" value="" />
      <property name="project" value=":app" />
    </properties>
    <testcase name="chromeVerifiedHostAdapterHarnessAcceptsOnlyLoadedMatchingHost" classname="com.qualityalternative.app.AccessibilityInterceptionTest" time="18.907" />
    <testcase name="seedBedtimeWebsiteRuleSelectionForExternalLiveServiceE2e" classname="com.qualityalternative.app.AccessibilityInterceptionTest" time="2.12" />
    <testcase name="chromeVerifiedHostAdapterRejectsSyntheticUnsupportedAndStaleStates" classname="com.qualityalternative.app.AccessibilityInterceptionTest" time="2.15" />
    <testcase name="seedWebsiteRuleSelectionForExternalLiveServiceE2e" classname="com.qualityalternative.app.AccessibilityInterceptionTest" time="2.121" />
    <testcase name="fixtureForegroundLaunchesInterventionThroughCrossAppHarness" classname="com.qualityalternative.app.AccessibilityInterceptionTest" time="3.131" />
  </testsuite>
  <testsuite name="com.qualityalternative.app.AppManifestPrivacyTest" tests="1" failures="0" errors="0" skipped="0" time="0.001" timestamp="2026-06-07T21:16:05" hostname="localhost">
    <properties>
      <property name="device" value="qaApi36(AVD) - 16" />
      <property name="flavor" value="" />
      <property name="project" value=":app" />
    </properties>
    <testcase name="androidBackupIsDisabledForLocalPrivateInventory" classname="com.qualityalternative.app.AppManifestPrivacyTest" time="0.001" />
  </testsuite>
  <testsuite name="com.qualityalternative.app.MainActivityTest" tests="55" failures="0" errors="0" skipped="0" time="513.962" timestamp="2026-06-07T21:16:05" hostname="localhost">
    <properties>
      <property name="device" value="qaApi36(AVD) - 16" />
      <property name="flavor" value="" />
      <property name="project" value=":app" />
    </properties>
    <testcase name="systemInterventionBackupActionIsClickableWithoutScrolling" classname="com.qualityalternative.app.MainActivityTest" time="2.606" />
    <testcase name="accountLightImportSettingsShowsPreviewErrorsConfirmationAndSuccess" classname="com.qualityalternative.app.MainActivityTest" time="7.776" />
    <testcase name="libraryManageModeDeletesSavedLinkAndKeepsEditorialReadOnly" classname="com.qualityalternative.app.MainActivityTest" time="9.969" />
    <testcase name="annotationAutosaveWritesW3cJsonLdAndShowsSettingsStatus" classname="com.qualityalternative.app.MainActivityTest" time="4.83" />
    <testcase name="readerFeedbackAndProgressUseFiniteReplacementCopy" classname="com.qualityalternative.app.MainActivityTest" time="3.421" />
    <testcase name="epubReaderUsesKindlePagingAndTableOfContentsNavigation" classname="com.qualityalternative.app.MainActivityTest" time="53.432" />
    <testcase name="settingsOpenAnywayUnlockSuppressesRepeatedSystemIntervention" classname="com.qualityalternative.app.MainActivityTest" time="4.066" />
    <testcase name="addLinkSavesValidLinkAndReturnsLibrary" classname="com.qualityalternative.app.MainActivityTest" time="6.931" />
    <testcase name="readerAnnotationStartCanMoveBackIntoPreviousSourceBlocks" classname="com.qualityalternative.app.MainActivityTest" time="6.161" />
    <testcase name="systemInterventionOpenAnywayActionIsClickableWithoutScrolling" classname="com.qualityalternative.app.MainActivityTest" time="2.535" />
    <testcase name="crossPageAnnotationSelectionPersistsAcrossPagedSourceChunks" classname="com.qualityalternative.app.MainActivityTest" time="39.218" />
    <testcase name="readerFontSizeSettingUsesAppLevelPreference" classname="com.qualityalternative.app.MainActivityTest" time="8.271" />
    <testcase name="meditationInterventionShowsCalmAlternativeWhenPrimaryIsReading" classname="com.qualityalternative.app.MainActivityTest" time="3.173" />
    <testcase name="sprint19ReaderSessionProgressPersistsLastViewedPageAfterReopen" classname="com.qualityalternative.app.MainActivityTest" time="8.992" />
    <testcase name="settingsDefaultBackupRestoreShowsPreviewBeforeReplace" classname="com.qualityalternative.app.MainActivityTest" time="4.05" />
    <testcase name="sharedLinkOnlyAlternativeOpensExternalHandoffScreen" classname="com.qualityalternative.app.MainActivityTest" time="2.566" />
    <testcase name="addLinkPriorityAtAddAppearsInPriorityLibraryFilter" classname="com.qualityalternative.app.MainActivityTest" time="3.421" />
    <testcase name="readerProgressPercentRestoresFromSourceAnchorAfterReaderFontChange" classname="com.qualityalternative.app.MainActivityTest" time="3.373" />
    <testcase name="readerPaginationFitRespondsToViewportAndReaderTextSize" classname="com.qualityalternative.app.MainActivityTest" time="46.866" />
    <testcase name="longDocumentImportPreviewShowsMultiHourReadingTime" classname="com.qualityalternative.app.MainActivityTest" time="2.543" />
    <testcase name="sprint9ContentIsReachableAfterNormalOnboarding" classname="com.qualityalternative.app.MainActivityTest" time="3.486" />
    <testcase name="addLinkKeepsSaveDisabledForBlankUrl" classname="com.qualityalternative.app.MainActivityTest" time="2.759" />
    <testcase name="settingsShowsLocalDefaultsAndChangedDestinationsForAnnotationSyncAndProfileBackup" classname="com.qualityalternative.app.MainActivityTest" time="5.496" />
    <testcase name="addLinkKeepsSaveDisabledForInvalidUrl" classname="com.qualityalternative.app.MainActivityTest" time="3.0" />
    <testcase name="accountLightProfileAutosaveSettingsShowsDestinationSuccessAndRecoverableFailure" classname="com.qualityalternative.app.MainActivityTest" time="4.695" />
    <testcase name="sprint19ReaderResumeUsesPendingLatestProgressAcrossImmediateReopenBeforeRoomWrite" classname="com.qualityalternative.app.MainActivityTest" time="9.976" />
    <testcase name="interventionModeSettingControlsOpenAnywayFriction" classname="com.qualityalternative.app.MainActivityTest" time="3.878" />
    <testcase name="systemInterceptionIntentShowsLiveInterventionForFixtureTarget" classname="com.qualityalternative.app.MainActivityTest" time="6.546" />
    <testcase name="newlyAddedEpubBecomesPrimaryAfterOldFilesAreDeprioritized" classname="com.qualityalternative.app.MainActivityTest" time="3.22" />
    <testcase name="accountLightProfileExportsAndImportsIntoCleanAppState" classname="com.qualityalternative.app.MainActivityTest" time="3.685" />
    <testcase name="onboardingShowsSprint9TopicChips" classname="com.qualityalternative.app.MainActivityTest" time="1.365" />
    <testcase name="forgedWebsiteInterceptionIntentWithoutLaunchTokenIsIgnored" classname="com.qualityalternative.app.MainActivityTest" time="1.134" />
    <testcase name="themeSettingSwitchesToDarkMode" classname="com.qualityalternative.app.MainActivityTest" time="2.893" />
    <testcase name="homeShowsReadinessAndCompactLibrarySummary" classname="com.qualityalternative.app.MainActivityTest" time="2.233" />
    <testcase name="bedtimeModeShowsCalmHardBanWithAlternativesAndEmergencyWait" classname="com.qualityalternative.app.MainActivityTest" time="3.281" />
    <testcase name="systemInterventionDelayActionIsClickableWithoutScrolling" classname="com.qualityalternative.app.MainActivityTest" time="1.718" />
    <testcase name="systemInterceptionIntentShowsLiveInterventionForSelectedCustomTarget" classname="com.qualityalternative.app.MainActivityTest" time="1.532" />
    <testcase name="addLinkKeepsSaveDisabledForMissingTopic" classname="com.qualityalternative.app.MainActivityTest" time="2.793" />
    <testcase name="completedMeditationStaysAvailableAndOutOfLibrary" classname="com.qualityalternative.app.MainActivityTest" time="3.294" />
    <testcase name="onboardingCompletesAndPersistsAfterColdRelaunch" classname="com.qualityalternative.app.MainActivityTest" time="2.421" />
    <testcase name="onboardingRestoreProfileLoadsDefaultBackupAfterCleanInstall" classname="com.qualityalternative.app.MainActivityTest" time="2.174" />
    <testcase name="unfinishedReadingAppearsOnHomeAndLibraryAndCanContinueWithoutIntervention" classname="com.qualityalternative.app.MainActivityTest" time="17.315" />
    <testcase name="onboardingWelcomeDoesNotShowAccountShortcutWithoutAccountFlow" classname="com.qualityalternative.app.MainActivityTest" time="1.125" />
    <testcase name="sprint19FormInterventionShowsFiveSecondUnlockBeforeOpenAnyway" classname="com.qualityalternative.app.MainActivityTest" time="8.176" />
    <testcase name="homeReadNowOpensLibraryAndPaginatedReaderWithoutIntervention" classname="com.qualityalternative.app.MainActivityTest" time="27.866" />
    <testcase name="meditationDoesNotLiveInLibrary" classname="com.qualityalternative.app.MainActivityTest" time="1.865" />
    <testcase name="systemInterventionShowsContinueProgressRemainingTimeAndScrollableOtherOptions" classname="com.qualityalternative.app.MainActivityTest" time="4.172" />
    <testcase name="meditationAlternativeOpensTimerAndCompletesWithGong" classname="com.qualityalternative.app.MainActivityTest" time="64.151" />
    <testcase name="annotationLibraryListsSavedNotesAndOpensSourceFragment" classname="com.qualityalternative.app.MainActivityTest" time="5.295" />
    <testcase name="readerAnnotationControlsExpandAndReopenAcrossPages" classname="com.qualityalternative.app.MainActivityTest" time="19.373" />
    <testcase name="readerAnnotationEditorContainsLongQuoteAndLongNoteWithinViewport" classname="com.qualityalternative.app.MainActivityTest" time="14.238" />
    <testcase name="completedContentIsHiddenThenCanBeReactivatedFromLibrary" classname="com.qualityalternative.app.MainActivityTest" time="4.565" />
    <testcase name="readerAnnotationEditorSavesEditsAndShowsPreview" classname="com.qualityalternative.app.MainActivityTest" time="6.999" />
    <testcase name="sprint19EpubProgressAndAnnotationStartStayAnchoredInLaterChapter" classname="com.qualityalternative.app.MainActivityTest" time="37.905" />
    <testcase name="annotationDriveSyncSettingsShowsConnectFailureConnectedAndRetryStates" classname="com.qualityalternative.app.MainActivityTest" time="5.138" />
  </testsuite>
  <testsuite name="com.qualityalternative.app.UserLinkRecommendationIntegrationTest" tests="1" failures="0" errors="0" skipped="0" time="0.359" timestamp="2026-06-07T21:16:05" hostname="localhost">
    <properties>
      <property name="device" value="qaApi36(AVD) - 16" />
      <property name="flavor" value="" />
      <property name="project" value=":app" />
    </properties>
    <testcase name="productionContainerFeedsSavedLinkIntoInterventionAndExternalHandoff" classname="com.qualityalternative.app.UserLinkRecommendationIntegrationTest" time="0.359" />
  </testsuite>
  <testsuite name="com.qualityalternative.app.VisualQaScreenshotTest" tests="19" failures="0" errors="0" skipped="0" time="370.519" timestamp="2026-06-07T21:16:05" hostname="localhost">
    <properties>
      <property name="device" value="qaApi36(AVD) - 16" />
      <property name="flavor" value="" />
      <property name="project" value=":app" />
    </properties>
    <testcase name="captureSprint20EpubLoadingBusyStatesScreens" classname="com.qualityalternative.app.VisualQaScreenshotTest" time="6.618" />
    <testcase name="captureSprint13CompletedActivationAndUnlockScreens" classname="com.qualityalternative.app.VisualQaScreenshotTest" time="13.931" />
    <testcase name="captureSprint26WebsiteRuleSettingsScreens" classname="com.qualityalternative.app.VisualQaScreenshotTest" time="42.165" />
    <testcase name="captureSprint15AutoTimeImportScreens" classname="com.qualityalternative.app.VisualQaScreenshotTest" time="4.439" />
    <testcase name="captureSprint26ChromeWebsiteInterventionScreens" classname="com.qualityalternative.app.VisualQaScreenshotTest" time="5.323" />
    <testcase name="captureCoreContentScreensInLightAndDark" classname="com.qualityalternative.app.VisualQaScreenshotTest" time="79.028" />
    <testcase name="captureSprint25OrdinaryTextNavigationStillWorksAfterTableGestureGuard" classname="com.qualityalternative.app.VisualQaScreenshotTest" time="4.375" />
    <testcase name="captureSprint12FinalJourneyScreens" classname="com.qualityalternative.app.VisualQaScreenshotTest" time="51.087" />
    <testcase name="captureSprint26CustomTargetSettingsScreens" classname="com.qualityalternative.app.VisualQaScreenshotTest" time="12.161" />
    <testcase name="captureSprint12AddFlowScreens" classname="com.qualityalternative.app.VisualQaScreenshotTest" time="10.716" />
    <testcase name="captureSprint9ContentExpansionScreens" classname="com.qualityalternative.app.VisualQaScreenshotTest" time="33.656" />
    <testcase name="captureSprint22ReadingTimeRemainingRepair" classname="com.qualityalternative.app.VisualQaScreenshotTest" time="11.567" />
    <testcase name="captureSprint15EpubStructuredDocumentSmokeScreens" classname="com.qualityalternative.app.VisualQaScreenshotTest" time="4.586" />
    <testcase name="captureSprint25WideMarkdownTableHorizontalScrollDoesNotAdvanceReaderPage" classname="com.qualityalternative.app.VisualQaScreenshotTest" time="3.244" />
    <testcase name="captureSprint12LibraryManageScreens" classname="com.qualityalternative.app.VisualQaScreenshotTest" time="7.211" />
    <testcase name="captureSprint25MarkdownMediaAndTableScreens" classname="com.qualityalternative.app.VisualQaScreenshotTest" time="8.976" />
    <testcase name="captureSprint10ReaderProgressStreakAndMeditationScreens" classname="com.qualityalternative.app.VisualQaScreenshotTest" time="43.749" />
    <testcase name="captureSprint15KindlePagingAndTocScreens" classname="com.qualityalternative.app.VisualQaScreenshotTest" time="8.624" />
    <testcase name="captureSprint12ContinueReadingScreens" classname="com.qualityalternative.app.VisualQaScreenshotTest" time="19.063" />
  </testsuite>
  <testsuite name="com.qualityalternative.app.data.AndroidAccountLightProfileAutosaveWriterTest" tests="3" failures="0" errors="0" skipped="0" time="1.365" timestamp="2026-06-07T21:16:05" hostname="localhost">
    <properties>
      <property name="device" value="qaApi36(AVD) - 16" />
      <property name="flavor" value="" />
      <property name="project" value=":app" />
    </properties>
    <testcase name="writesAndRewritesProfileJsonThroughDocumentTreeUri" classname="com.qualityalternative.app.data.AndroidAccountLightProfileAutosaveWriterTest" time="0.158" />
    <testcase name="readsNewestDefaultSharedProfileBackupWhenMediaStoreAddsCollisionSuffix" classname="com.qualityalternative.app.data.AndroidAccountLightProfileAutosaveWriterTest" time="1.144" />
    <testcase name="writesAndReadsDefaultSharedProfileBackup" classname="com.qualityalternative.app.data.AndroidAccountLightProfileAutosaveWriterTest" time="0.063" />
  </testsuite>
  <testsuite name="com.qualityalternative.app.data.AndroidReadingAnnotationExportWriterTest" tests="1" failures="0" errors="0" skipped="0" time="0.032" timestamp="2026-06-07T21:16:05" hostname="localhost">
    <properties>
      <property name="device" value="qaApi36(AVD) - 16" />
      <property name="flavor" value="" />
      <property name="project" value=":app" />
    </properties>
    <testcase name="fileDirectoryJsonLdExportWritesPerSourceFilesAndIndex" classname="com.qualityalternative.app.data.AndroidReadingAnnotationExportWriterTest" time="0.032" />
  </testsuite>
  <testsuite name="com.qualityalternative.app.data.AssetContentRepositoryTest" tests="14" failures="0" errors="0" skipped="0" time="16.061" timestamp="2026-06-07T21:16:05" hostname="localhost">
    <properties>
      <property name="device" value="qaApi36(AVD) - 16" />
      <property name="flavor" value="" />
      <property name="project" value=":app" />
    </properties>
    <testcase name="sprint9PacksShipIntegratedContentWithReaderBodiesAndExternalHandoffs" classname="com.qualityalternative.app.data.AssetContentRepositoryTest" time="0.13" />
    <testcase name="modernLinkOnlyPackContainsCuratedExternalHandoffInventory" classname="com.qualityalternative.app.data.AssetContentRepositoryTest" time="0.088" />
    <testcase name="legacyStarterPacksNoLongerContainPlaceholderEditorialItems" classname="com.qualityalternative.app.data.AssetContentRepositoryTest" time="0.099" />
    <testcase name="sharedRenderableInventoryDoesNotShipNearDuplicateBodyAssets" classname="com.qualityalternative.app.data.AssetContentRepositoryTest" time="14.976" />
    <testcase name="sharedLinkOnlyItemsUseExternalHandoffWithoutBodyAssets" classname="com.qualityalternative.app.data.AssetContentRepositoryTest" time="0.065" />
    <testcase name="attentionClassicsDurationsMatchShippedMarkdownBodies" classname="com.qualityalternative.app.data.AssetContentRepositoryTest" time="0.059" />
    <testcase name="starterInventoryContainsNoFirstPartyPlaceholderLicenses" classname="com.qualityalternative.app.data.AssetContentRepositoryTest" time="0.094" />
    <testcase name="sharedRenderableInventoryCarriesCompleteDecisionAndRightsMetadata" classname="com.qualityalternative.app.data.AssetContentRepositoryTest" time="0.095" />
    <testcase name="attentionClassicsPackCarriesPublicDomainSourceMetadata" classname="com.qualityalternative.app.data.AssetContentRepositoryTest" time="0.083" />
    <testcase name="publicDomainExpansionDurationsMatchShippedMarkdownBodies" classname="com.qualityalternative.app.data.AssetContentRepositoryTest" time="0.089" />
    <testcase name="publicDomainExpansionPackCarriesRenderableRightsAndBodies" classname="com.qualityalternative.app.data.AssetContentRepositoryTest" time="0.067" />
    <testcase name="starterPackItemsCarryExplicitRightsAndRenderMetadata" classname="com.qualityalternative.app.data.AssetContentRepositoryTest" time="0.068" />
    <testcase name="editorialAssetsDoNotContainUnmanifestedMarkdownFiles" classname="com.qualityalternative.app.data.AssetContentRepositoryTest" time="0.066" />
    <testcase name="starterPackItemsDoNotClaimExternalPublicationAffiliation" classname="com.qualityalternative.app.data.AssetContentRepositoryTest" time="0.082" />
  </testsuite>
  <testsuite name="com.qualityalternative.app.data.RoomAnalyticsTrackerTest" tests="5" failures="0" errors="0" skipped="0" time="1.917" timestamp="2026-06-07T21:16:05" hostname="localhost">
    <properties>
      <property name="device" value="qaApi36(AVD) - 16" />
      <property name="flavor" value="" />
      <property name="project" value=":app" />
    </properties>
    <testcase name="activeDelayReplay_repairsPersistedMetricsExactlyOnceAfterRestart" classname="com.qualityalternative.app.data.RoomAnalyticsTrackerTest" time="0.563" />
    <testcase name="productionActiveDelayPath_persistsRoomAnalyticsWithExpectedMetadata" classname="com.qualityalternative.app.data.RoomAnalyticsTrackerTest" time="0.304" />
    <testcase name="returnedSessionReplay_repairsMetricsExactlyOnceAfterRestart" classname="com.qualityalternative.app.data.RoomAnalyticsTrackerTest" time="0.447" />
    <testcase name="productionExpiryPath_persistsRoomAnalyticsWithExpectedMetadata" classname="com.qualityalternative.app.data.RoomAnalyticsTrackerTest" time="0.312" />
    <testcase name="expiredDelayReplay_doesNotDuplicatePersistedAnalytics" classname="com.qualityalternative.app.data.RoomAnalyticsTrackerTest" time="0.291" />
  </testsuite>
  <testsuite name="com.qualityalternative.app.data.RoomHistoryRepositoryTest" tests="3" failures="0" errors="0" skipped="0" time="0.607" timestamp="2026-06-07T21:16:05" hostname="localhost">
    <properties>
      <property name="device" value="qaApi36(AVD) - 16" />
      <property name="flavor" value="" />
      <property name="project" value=":app" />
    </properties>
    <testcase name="repeatedMarkReturnedToTarget_replaysPersistedSignalWithoutMutatingTimestamp" classname="com.qualityalternative.app.data.RoomHistoryRepositoryTest" time="0.18" />
    <testcase name="updateAcceptedSessionContent_rewritesStoredContentMetadata" classname="com.qualityalternative.app.data.RoomHistoryRepositoryTest" time="0.198" />
    <testcase name="acceptThenImmediateMutationsRemainVisible" classname="com.qualityalternative.app.data.RoomHistoryRepositoryTest" time="0.229" />
  </testsuite>
  <testsuite name="com.qualityalternative.app.data.RoomReadingAnnotationRepositoryTest" tests="3" failures="0" errors="0" skipped="0" time="0.642" timestamp="2026-06-07T21:16:05" hostname="localhost">
    <properties>
      <property name="device" value="qaApi36(AVD) - 16" />
      <property name="flavor" value="" />
      <property name="project" value=":app" />
    </properties>
    <testcase name="saveAnnotationWithoutId_updatesExistingFragmentInsteadOfDuplicating" classname="com.qualityalternative.app.data.RoomReadingAnnotationRepositoryTest" time="0.196" />
    <testcase name="saveUpdateDelete_roundTripsAnchoredAnnotationAndAnalytics" classname="com.qualityalternative.app.data.RoomReadingAnnotationRepositoryTest" time="0.227" />
    <testcase name="deleteAnnotationsForContentIds_deletesOnlyMatchingAnnotationsAndRecordsDeleteEvents" classname="com.qualityalternative.app.data.RoomReadingAnnotationRepositoryTest" time="0.219" />
  </testsuite>
  <testsuite name="com.qualityalternative.app.data.RoomReadingProgressRepositoryTest" tests="3" failures="0" errors="0" skipped="0" time="0.82" timestamp="2026-06-07T21:16:05" hostname="localhost">
    <properties>
      <property name="device" value="qaApi36(AVD) - 16" />
      <property name="flavor" value="" />
      <property name="project" value=":app" />
    </properties>
    <testcase name="cachePendingProgress_survivesStaleRoomEmissionAndOlderWrite" classname="com.qualityalternative.app.data.RoomReadingProgressRepositoryTest" time="0.426" />
    <testcase name="saveCompleteDelete_roundTripsReadingProgress" classname="com.qualityalternative.app.data.RoomReadingProgressRepositoryTest" time="0.202" />
    <testcase name="saveProgress_keepsNewerUnfinishedPositionWhenOlderSaveArrivesLater" classname="com.qualityalternative.app.data.RoomReadingProgressRepositoryTest" time="0.192" />
  </testsuite>
  <testsuite name="com.qualityalternative.app.data.RoomUserDocumentRepositoryTest" tests="10" failures="0" errors="0" skipped="0" time="1.726" timestamp="2026-06-07T21:16:05" hostname="localhost">
    <properties>
      <property name="device" value="qaApi36(AVD) - 16" />
      <property name="flavor" value="" />
      <property name="project" value=":app" />
    </properties>
    <testcase name="importPortableDocuments_throwsBeforeMutationWhenIdAndFingerprintMatchDifferentRows" classname="com.qualityalternative.app.data.RoomUserDocumentRepositoryTest" time="0.206" />
    <testcase name="addEpubDocument_roundTripsAsPrivateReaderContent" classname="com.qualityalternative.app.data.RoomUserDocumentRepositoryTest" time="0.181" />
    <testcase name="importPortableDocuments_mergeMapsVerifiedFingerprintCollisionToLocalDocument" classname="com.qualityalternative.app.data.RoomUserDocumentRepositoryTest" time="0.192" />
    <testcase name="addDocument_defaultIdsAreRandomUuidV4PerIndependentRecord" classname="com.qualityalternative.app.data.RoomUserDocumentRepositoryTest" time="0.299" />
    <testcase name="deleteDocument_removesPersistedDocumentAndReloadedState" classname="com.qualityalternative.app.data.RoomUserDocumentRepositoryTest" time="0.157" />
    <testcase name="addPdfDocument_roundTripsAsExternalPrivateHandoffContent" classname="com.qualityalternative.app.data.RoomUserDocumentRepositoryTest" time="0.205" />
    <testcase name="importPortableDocuments_mergeSkipsExistingAvailableDocumentCollision" classname="com.qualityalternative.app.data.RoomUserDocumentRepositoryTest" time="0.179" />
    <testcase name="androidBodyLoaderReportsUnreadableMarkdownUri" classname="com.qualityalternative.app.data.RoomUserDocumentRepositoryTest" time="0.001" />
    <testcase name="migrationFromVersion5CreatesUserDocumentsTable" classname="com.qualityalternative.app.data.RoomUserDocumentRepositoryTest" time="0.118" />
    <testcase name="addMarkdownDocument_roundTripsAsPrivateReaderContent" classname="com.qualityalternative.app.data.RoomUserDocumentRepositoryTest" time="0.188" />
  </testsuite>
  <testsuite name="com.qualityalternative.app.data.RoomUserLinkRepositoryTest" tests="7" failures="0" errors="0" skipped="0" time="1.329" timestamp="2026-06-07T21:16:05" hostname="localhost">
    <properties>
      <property name="device" value="qaApi36(AVD) - 16" />
      <property name="flavor" value="" />
      <property name="project" value=":app" />
    </properties>
    <testcase name="migrationFromVersion3PreservesExistingRowsAndCreatesUserLinks" classname="com.qualityalternative.app.data.RoomUserLinkRepositoryTest" time="0.092" />
    <testcase name="markUnavailable_updatesVisibleInventoryState" classname="com.qualityalternative.app.data.RoomUserLinkRepositoryTest" time="0.195" />
    <testcase name="addLink_rejectsInvalidDraftWithoutPersisting" classname="com.qualityalternative.app.data.RoomUserLinkRepositoryTest" time="0.171" />
    <testcase name="addLink_defaultIdsAreRandomUuidV4PerIndependentRecord" classname="com.qualityalternative.app.data.RoomUserLinkRepositoryTest" time="0.299" />
    <testcase name="deleteLink_removesPersistedLinkAndReloadedState" classname="com.qualityalternative.app.data.RoomUserLinkRepositoryTest" time="0.189" />
    <testcase name="addLink_roundTripsAsRankableUserContent" classname="com.qualityalternative.app.data.RoomUserLinkRepositoryTest" time="0.186" />
    <testcase name="addLink_preservesContentIdentityWhenSameUrlIsAddedAgain" classname="com.qualityalternative.app.data.RoomUserLinkRepositoryTest" time="0.197" />
  </testsuite>
  <testsuite name="com.qualityalternative.app.data.local.QualityAlternativeDatabaseMigrationInstrumentedTest" tests="6" failures="0" errors="0" skipped="0" time="0.785" timestamp="2026-06-07T21:16:05" hostname="localhost">
    <properties>
      <property name="device" value="qaApi36(AVD) - 16" />
      <property name="flavor" value="" />
      <property name="project" value=":app" />
    </properties>
    <testcase name="migration15To16ValidatesRoomSchemaAndIndexesAnalyticsTimestamp" classname="com.qualityalternative.app.data.local.QualityAlternativeDatabaseMigrationInstrumentedTest" time="0.139" />
    <testcase name="migration12To13ValidatesRoomSchemaAndDefaultsReadingProgressOffset" classname="com.qualityalternative.app.data.local.QualityAlternativeDatabaseMigrationInstrumentedTest" time="0.141" />
    <testcase name="migration8To12ValidatesRoomSchemaAndCreatesAnnotationColumnsOnce" classname="com.qualityalternative.app.data.local.QualityAlternativeDatabaseMigrationInstrumentedTest" time="0.124" />
    <testcase name="migration13To14ValidatesRoomSchemaAndBackfillsAnnotationEndSourceBlock" classname="com.qualityalternative.app.data.local.QualityAlternativeDatabaseMigrationInstrumentedTest" time="0.136" />
    <testcase name="migration14To15ValidatesRoomSchemaAndDefaultsMarkdownImageAttachmentManifest" classname="com.qualityalternative.app.data.local.QualityAlternativeDatabaseMigrationInstrumentedTest" time="0.123" />
    <testcase name="migration9To12ValidatesRoomSchemaAndPreservesLegacyAnnotationRows" classname="com.qualityalternative.app.data.local.QualityAlternativeDatabaseMigrationInstrumentedTest" time="0.122" />
  </testsuite>
</testsuites>