<?xml version='1.0' encoding='UTF-8' ?>
<testsuites tests="2" failures="0" errors="0" skipped="0" time="79.433" timestamp="2026-06-07T14:15:04" hostname="localhost">
  <testsuite name="com.qualityalternative.app.VisualQaScreenshotTest" tests="2" failures="0" errors="0" skipped="0" time="72.642" timestamp="2026-06-07T14:15:04" hostname="localhost">
    <properties>
      <property name="device" value="qaApi36(AVD) - 16" />
      <property name="flavor" value="" />
      <property name="project" value=":app" />
    </properties>
    <testcase name="captureSprint26WebsiteRuleSettingsScreens" classname="com.qualityalternative.app.VisualQaScreenshotTest" time="59.916" />
    <testcase name="captureSprint26ChromeWebsiteInterventionScreens" classname="com.qualityalternative.app.VisualQaScreenshotTest" time="12.726" />
  </testsuite>
</testsuites>