<?xml version="1.0" encoding="UTF-8"?>
<testsuite name="com.qualityalternative.app.ui.MainViewModelTest" tests="2" skipped="0" failures="0" errors="0" timestamp="2026-06-07T14:16:28.159Z" hostname="mac-studio.home" time="0.101">
  <properties/>
  <testcase name="websiteOpenAnywaySuppressesWebsiteKeyWithoutSuppressingWholeBrowserTarget" classname="com.qualityalternative.app.ui.MainViewModelTest" time="0.096"/>
  <testcase name="requestSystemWebsiteInterception_opensInterventionWithoutSelectedBrowserAndKeepsDomainPrivate" classname="com.qualityalternative.app.ui.MainViewModelTest" time="0.005"/>
  <system-out><![CDATA[]]></system-out>
  <system-err><![CDATA[]]></system-err>
</testsuite>
