<?xml version="1.0" encoding="UTF-8"?>
<testsuite name="com.qualityalternative.app.ui.DocumentImportCandidateFactoryTest" tests="4" skipped="0" failures="0" errors="0" timestamp="2026-06-07T19:49:43.130Z" hostname="mac-studio.home" time="0.782">
  <properties/>
  <testcase name="markdownImageAttachmentsAreMappedToMarkdownCandidateAndFilteredFromStandaloneImports" classname="com.qualityalternative.app.ui.DocumentImportCandidateFactoryTest" time="0.003"/>
  <testcase name="pickedPdfAndUnsupportedCandidatesUseDefaultsWithoutWordCounts" classname="com.qualityalternative.app.ui.DocumentImportCandidateFactoryTest" time="0.003"/>
  <testcase name="pickedEpubCandidateUsesExtractedEstimateForShortNormalAndVeryLongFiles" classname="com.qualityalternative.app.ui.DocumentImportCandidateFactoryTest" time="0.718"/>
  <testcase name="pickedMarkdownCandidateUsesExtractedEstimateForShortNormalAndVeryLongFiles" classname="com.qualityalternative.app.ui.DocumentImportCandidateFactoryTest" time="0.058"/>
  <system-out><![CDATA[]]></system-out>
  <system-err><![CDATA[]]></system-err>
</testsuite>
