<?xml version="1.0" encoding="UTF-8"?>
<testsuite name="com.qualityalternative.app.ui.MainViewModelTest" tests="2" skipped="0" failures="0" errors="0" timestamp="2026-06-07T13:21:27.280Z" hostname="mac-studio.home" time="0.128">
  <properties/>
  <testcase name="websiteOpenAnywaySuppressesWebsiteKeyWithoutSuppressingWholeBrowserTarget" classname="com.qualityalternative.app.ui.MainViewModelTest" time="0.12"/>
  <testcase name="requestSystemWebsiteInterception_opensInterventionWithoutSelectedBrowserAndKeepsDomainPrivate" classname="com.qualityalternative.app.ui.MainViewModelTest" time="0.008"/>
  <system-out><![CDATA[]]></system-out>
  <system-err><![CDATA[]]></system-err>
</testsuite>
