<?xml version="1.0" encoding="UTF-8"?>
<testsuite name="com.qualityalternative.app.data.AccountLightProfileImporterTest" tests="23" skipped="0" failures="0" errors="0" timestamp="2026-06-07T10:56:34.708Z" hostname="mac-studio.home" time="0.399">
  <properties/>
  <testcase name="validateImportProfileJson_acceptsReadingProgressForImportedLibraryContent" classname="com.qualityalternative.app.data.AccountLightProfileImporterTest" time="0.02"/>
  <testcase name="validateImportProfileJson_rejectsContentIdTypeMismatchesBeforeMutation" classname="com.qualityalternative.app.data.AccountLightProfileImporterTest" time="0.009"/>
  <testcase name="validateImportProfileJson_rejectsUnsafeNestedPortableDataBeforeMutation" classname="com.qualityalternative.app.data.AccountLightProfileImporterTest" time="0.238"/>
  <testcase name="validateImportProfileJson_acceptsReadingProgressTextOffsetWithoutUnknownWarning" classname="com.qualityalternative.app.data.AccountLightProfileImporterTest" time="0.004"/>
  <testcase name="applyMergeMapsFingerprintOnlyDocumentProgressToLocalContentId" classname="com.qualityalternative.app.data.AccountLightProfileImporterTest" time="0.006"/>
  <testcase name="applyReplace_replacesPortableSettingsAndPreservesLocalAnnotationDestinations" classname="com.qualityalternative.app.data.AccountLightProfileImporterTest" time="0.011"/>
  <testcase name="validateImportProfileJson_activatesEligibleCustomAppAndKeepsMissingPackageInactiveOnReplace" classname="com.qualityalternative.app.data.AccountLightProfileImporterTest" time="0.005"/>
  <testcase name="validateImportProfileJson_rejectsMalformedLibraryAndReadingEntriesBeforeMutation" classname="com.qualityalternative.app.data.AccountLightProfileImporterTest" time="0.013"/>
  <testcase name="applyMerge_validatesButKeepsLocalPortableSettings" classname="com.qualityalternative.app.data.AccountLightProfileImporterTest" time="0.005"/>
  <testcase name="exportedVerifiedDocumentFingerprintReconcilesCrossDeviceImport" classname="com.qualityalternative.app.data.AccountLightProfileImporterTest" time="0.003"/>
  <testcase name="validateImportProfileJson_warnsAndKeepsUnsupportedAppsInactiveOnReplace" classname="com.qualityalternative.app.data.AccountLightProfileImporterTest" time="0.006"/>
  <testcase name="applyReplace_restoresLibraryWhenProgressImportFails" classname="com.qualityalternative.app.data.AccountLightProfileImporterTest" time="0.009"/>
  <testcase name="applyMergeStoresProgressOnlyForAcceptedImportedContentIds" classname="com.qualityalternative.app.data.AccountLightProfileImporterTest" time="0.004"/>
  <testcase name="validateImportProfileJson_keepsAllMissingAppTargetsInactiveOnReplace" classname="com.qualityalternative.app.data.AccountLightProfileImporterTest" time="0.004"/>
  <testcase name="applyMergeStopsBeforeProgressWhenPortableContentIdsConflict" classname="com.qualityalternative.app.data.AccountLightProfileImporterTest" time="0.005"/>
  <testcase name="validateImportProfileJson_acceptsPortableAnnotationSidecarFileName" classname="com.qualityalternative.app.data.AccountLightProfileImporterTest" time="0.005"/>
  <testcase name="validateImportProfileJson_rejectsMalformedMissingAndUnsupportedProfiles" classname="com.qualityalternative.app.data.AccountLightProfileImporterTest" time="0.009"/>
  <testcase name="applyMerge_importsLibraryMarksDocumentsMissingAndKeepsMissingDocumentProgressDormant" classname="com.qualityalternative.app.data.AccountLightProfileImporterTest" time="0.004"/>
  <testcase name="applyMergeMapsSecondaryOnlyLinkProgressToLocalContentId" classname="com.qualityalternative.app.data.AccountLightProfileImporterTest" time="0.004"/>
  <testcase name="validateImportProfileJson_rejectsUnsafeSelectedPackIds" classname="com.qualityalternative.app.data.AccountLightProfileImporterTest" time="0.017"/>
  <testcase name="validateImportProfileJson_sanitizesDottedUnknownFieldSections" classname="com.qualityalternative.app.data.AccountLightProfileImporterTest" time="0.009"/>
  <testcase name="validateImportProfileJson_reportsUnknownNestedFieldsAsWarnings" classname="com.qualityalternative.app.data.AccountLightProfileImporterTest" time="0.004"/>
  <testcase name="validateImportProfileJsonPreflightsWholeLibraryBeforeAnyMutation" classname="com.qualityalternative.app.data.AccountLightProfileImporterTest" time="0.004"/>
  <system-out><![CDATA[]]></system-out>
  <system-err><![CDATA[]]></system-err>
</testsuite>
