<?xml version="1.0" encoding="UTF-8"?>
<testsuite name="com.qualityalternative.app.data.AccountLightProfileExporterTest" tests="10" skipped="0" failures="0" errors="0" timestamp="2026-06-07T10:56:34.534Z" hostname="mac-studio.home" time="0.17">
  <properties/>
  <testcase name="exportSettingsOnlyProfileJson_omitsUnsafeSelectedPackIds" classname="com.qualityalternative.app.data.AccountLightProfileExporterTest" time="0.108"/>
  <testcase name="decode_rejectsUnsupportedFutureSchemaVersion" classname="com.qualityalternative.app.data.AccountLightProfileExporterTest" time="0.001"/>
  <testcase name="exportSettingsOnlyProfileJson_emitsVersionedPortableSettingsProfile" classname="com.qualityalternative.app.data.AccountLightProfileExporterTest" time="0.03"/>
  <testcase name="exportSettingsOnlyProfileJson_filtersNonPortableSettingsReferencesAndDisplayNames" classname="com.qualityalternative.app.data.AccountLightProfileExporterTest" time="0.006"/>
  <testcase name="exportSettingsOnlyProfileJson_warnsWhenUserDocumentHasNoVerifiedFingerprint" classname="com.qualityalternative.app.data.AccountLightProfileExporterTest" time="0.006"/>
  <testcase name="exportSettingsOnlyProfileJson_clampsUpdatedAtWhenDeviceClockMovesBackward" classname="com.qualityalternative.app.data.AccountLightProfileExporterTest" time="0.003"/>
  <testcase name="exportSettingsOnlyProfileJson_includesPortableLibraryAndReadingStateWithoutRawUris" classname="com.qualityalternative.app.data.AccountLightProfileExporterTest" time="0.008"/>
  <testcase name="exportSettingsOnlyProfileJson_includesSelectedEligibleCustomAppPackage" classname="com.qualityalternative.app.data.AccountLightProfileExporterTest" time="0.003"/>
  <testcase name="warningAndAutosaveDtosEnforceApprovedSchemaDomains" classname="com.qualityalternative.app.data.AccountLightProfileExporterTest" time="0.001"/>
  <testcase name="exportSettingsOnlyProfileJson_reusesLocalProfileIdentityAcrossExports" classname="com.qualityalternative.app.data.AccountLightProfileExporterTest" time="0.003"/>
  <system-out><![CDATA[]]></system-out>
  <system-err><![CDATA[]]></system-err>
</testsuite>
