<?xml version="1.0" encoding="UTF-8"?>
<testsuite name="com.qualityalternative.app.data.WebsiteRuleNormalizerTest" tests="6" skipped="0" failures="0" errors="0" timestamp="2026-06-07T15:17:26.459Z" hostname="mac-studio.home" time="0.035">
  <properties/>
  <testcase name="normalize_rejectsLocalPrivateIpAndAmbiguousHosts" classname="com.qualityalternative.app.data.WebsiteRuleNormalizerTest" time="0.001"/>
  <testcase name="normalize_detectsExplicitWildcardPrefix" classname="com.qualityalternative.app.data.WebsiteRuleNormalizerTest" time="0.0"/>
  <testcase name="matches_exactDomainOnlyMatchesThatDomain" classname="com.qualityalternative.app.data.WebsiteRuleNormalizerTest" time="0.003"/>
  <testcase name="normalize_stripsSchemePathPortAndTrailingDot" classname="com.qualityalternative.app.data.WebsiteRuleNormalizerTest" time="0.0"/>
  <testcase name="matches_wildcardSubdomainsCanOptionallyIncludeApex" classname="com.qualityalternative.app.data.WebsiteRuleNormalizerTest" time="0.0"/>
  <testcase name="normalize_convertsUnicodeDomainsToAscii" classname="com.qualityalternative.app.data.WebsiteRuleNormalizerTest" time="0.031"/>
  <system-out><![CDATA[]]></system-out>
  <system-err><![CDATA[]]></system-err>
</testsuite>
