<?xml version="1.0" encoding="UTF-8"?>
<testsuite name="com.qualityalternative.app.ui.HomeHeroCopyTest" tests="2" skipped="0" failures="0" errors="0" timestamp="2026-06-07T16:26:02.650Z" hostname="mac-studio.home" time="0.0">
  <properties/>
  <testcase name="readyInterceptionUsesCalmReadingSetupCopy" classname="com.qualityalternative.app.ui.HomeHeroCopyTest" time="0.0"/>
  <testcase name="missingInterceptionUsesSetupHeadlineAndMarksSetupActionUnavailable" classname="com.qualityalternative.app.ui.HomeHeroCopyTest" time="0.0"/>
  <system-out><![CDATA[]]></system-out>
  <system-err><![CDATA[]]></system-err>
</testsuite>
