<?xml version="1.0" encoding="UTF-8"?>
<testsuite name="com.qualityalternative.app.ui.DocumentImportCandidateFactoryTest" tests="4" skipped="0" failures="0" errors="0" timestamp="2026-06-07T16:26:01.868Z" hostname="mac-studio.home" time="0.778">
  <properties/>
  <testcase name="markdownImageAttachmentsAreMappedToMarkdownCandidateAndFilteredFromStandaloneImports" classname="com.qualityalternative.app.ui.DocumentImportCandidateFactoryTest" time="0.004"/>
  <testcase name="pickedPdfAndUnsupportedCandidatesUseDefaultsWithoutWordCounts" classname="com.qualityalternative.app.ui.DocumentImportCandidateFactoryTest" time="0.004"/>
  <testcase name="pickedEpubCandidateUsesExtractedEstimateForShortNormalAndVeryLongFiles" classname="com.qualityalternative.app.ui.DocumentImportCandidateFactoryTest" time="0.708"/>
  <testcase name="pickedMarkdownCandidateUsesExtractedEstimateForShortNormalAndVeryLongFiles" classname="com.qualityalternative.app.ui.DocumentImportCandidateFactoryTest" time="0.062"/>
  <system-out><![CDATA[]]></system-out>
  <system-err><![CDATA[]]></system-err>
</testsuite>
