<?xml version="1.0" encoding="UTF-8"?>
<testsuite name="com.qualityalternative.app.interception.InterceptionRuntimeGateTest" tests="3" skipped="0" failures="0" errors="0" timestamp="2026-06-07T16:26:01.861Z" hostname="mac-studio.home" time="0.0">
  <properties/>
  <testcase name="shouldSuppress_returnsTrueWithinSuppressionWindow" classname="com.qualityalternative.app.interception.InterceptionRuntimeGateTest" time="0.0"/>
  <testcase name="shouldSuppress_ignoresNormalUnlockDuringBedtime" classname="com.qualityalternative.app.interception.InterceptionRuntimeGateTest" time="0.0"/>
  <testcase name="shouldSuppress_honorsBedtimeEmergencyUnlockDuringBedtime" classname="com.qualityalternative.app.interception.InterceptionRuntimeGateTest" time="0.0"/>
  <system-out><![CDATA[]]></system-out>
  <system-err><![CDATA[]]></system-err>
</testsuite>
