<?xml version="1.0" encoding="UTF-8"?>
<testsuite name="com.qualityalternative.app.interception.VerifiedBrowserHostAdapterTest" tests="6" skipped="0" failures="0" errors="0" timestamp="2026-06-07T16:26:01.864Z" hostname="mac-studio.home" time="0.002">
  <properties/>
  <testcase name="readHostFromSnapshot_rejectsUnsupportedBrowsers" classname="com.qualityalternative.app.interception.VerifiedBrowserHostAdapterTest" time="0.0"/>
  <testcase name="readHostFromSnapshot_acceptsDeepChromeToolbarAddressBar" classname="com.qualityalternative.app.interception.VerifiedBrowserHostAdapterTest" time="0.002"/>
  <testcase name="readHostFromSnapshot_ignoresTitleOrBodyWithoutVerifiedAddressNode" classname="com.qualityalternative.app.interception.VerifiedBrowserHostAdapterTest" time="0.0"/>
  <testcase name="readHostFromSnapshot_rejectsSearchTextAndIpAddressBarText" classname="com.qualityalternative.app.interception.VerifiedBrowserHostAdapterTest" time="0.0"/>
  <testcase name="readHostFromSnapshot_rejectsHiddenOrEditedAddressBarText" classname="com.qualityalternative.app.interception.VerifiedBrowserHostAdapterTest" time="0.0"/>
  <testcase name="readHostFromSnapshot_acceptsOnlyChromeAddressBarText" classname="com.qualityalternative.app.interception.VerifiedBrowserHostAdapterTest" time="0.0"/>
  <system-out><![CDATA[]]></system-out>
  <system-err><![CDATA[]]></system-err>
</testsuite>
