<?xml version="1.0" encoding="UTF-8"?>
<testsuite name="com.qualityalternative.app.data.RoomUserLinkRepositoryTest" tests="2" skipped="0" failures="0" errors="0" timestamp="2026-04-28T11:58:09.525Z" hostname="mac-studio.home" time="0.001">
  <properties/>
  <testcase name="optimisticUpsertPrependsNewLinksForNewestFirstUiState" classname="com.qualityalternative.app.data.RoomUserLinkRepositoryTest" time="0.001"/>
  <testcase name="optimisticUpsertReplacesExistingLinkWithoutMovingItsPosition" classname="com.qualityalternative.app.data.RoomUserLinkRepositoryTest" time="0.0"/>
  <system-out><![CDATA[]]></system-out>
  <system-err><![CDATA[]]></system-err>
</testsuite>
