<?xml version="1.0" encoding="UTF-8"?>
<testsuite name="com.qualityalternative.app.data.EpubTextExtractorTest" tests="14" skipped="0" failures="0" errors="0" timestamp="2026-04-28T11:58:09.384Z" hostname="mac-studio.home" time="0.05">
  <properties/>
  <testcase name="extractKeepsParentLevelContinuationAroundNestedChildListAtParentDepth" classname="com.qualityalternative.app.data.EpubTextExtractorTest" time="0.003"/>
  <testcase name="extractPreservesThreeLevelNestedListDepth" classname="com.qualityalternative.app.data.EpubTextExtractorTest" time="0.001"/>
  <testcase name="extractKeepsSameTypeNestedListsAttachedToTheirParentItem" classname="com.qualityalternative.app.data.EpubTextExtractorTest" time="0.002"/>
  <testcase name="extractAndReaderHandleNestedEmphasisWithoutRawMarkerLeakage" classname="com.qualityalternative.app.data.EpubTextExtractorTest" time="0.035"/>
  <testcase name="extractPreservesEpubStructureAsReaderMarkdown" classname="com.qualityalternative.app.data.EpubTextExtractorTest" time="0.003"/>
  <testcase name="extractKeepsNestedListsAttachedToTheirParentItem" classname="com.qualityalternative.app.data.EpubTextExtractorTest" time="0.001"/>
  <testcase name="extractPreservesContinuationParagraphsInsideNestedListDepth" classname="com.qualityalternative.app.data.EpubTextExtractorTest" time="0.0"/>
  <testcase name="extractPreservesOrderedListsAndContinuationText" classname="com.qualityalternative.app.data.EpubTextExtractorTest" time="0.001"/>
  <testcase name="extractReadsSpineOrderedXhtmlAsFiniteReaderText" classname="com.qualityalternative.app.data.EpubTextExtractorTest" time="0.001"/>
  <testcase name="extractKeepsLegitimateChapterNamesThatContainCover" classname="com.qualityalternative.app.data.EpubTextExtractorTest" time="0.001"/>
  <testcase name="extractDoesNotFallbackToFilteredSpineOrUnlistedDocuments" classname="com.qualityalternative.app.data.EpubTextExtractorTest" time="0.001"/>
  <testcase name="extractSkipsNavCoverAndNonLinearSpineItems" classname="com.qualityalternative.app.data.EpubTextExtractorTest" time="0.0"/>
  <testcase name="extractThrowsWhenPackageDocumentIsMissing" classname="com.qualityalternative.app.data.EpubTextExtractorTest" time="0.001"/>
  <testcase name="extractDecodesNonBmpNumericEntities" classname="com.qualityalternative.app.data.EpubTextExtractorTest" time="0.0"/>
  <system-out><![CDATA[]]></system-out>
  <system-err><![CDATA[]]></system-err>
</testsuite>
