<?xml version="1.0" encoding="UTF-8"?>
<testsuite name="com.qualityalternative.app.data.PreferencesSettingsRepositoryTest" tests="7" skipped="0" failures="0" errors="0" timestamp="2026-04-28T11:58:09.498Z" hostname="mac-studio.home" time="0.022">
  <properties/>
  <testcase name="saveOnboardingSelection_persistsAndRestoresSettings" classname="com.qualityalternative.app.data.PreferencesSettingsRepositoryTest" time="0.004"/>
  <testcase name="saveMeditationDuration_persistsWithoutResettingOnboarding" classname="com.qualityalternative.app.data.PreferencesSettingsRepositoryTest" time="0.004"/>
  <testcase name="saveSettingsUpdates_persistWithoutResettingOnboarding" classname="com.qualityalternative.app.data.PreferencesSettingsRepositoryTest" time="0.004"/>
  <testcase name="saveThemeMode_persistsWithoutResettingOnboarding" classname="com.qualityalternative.app.data.PreferencesSettingsRepositoryTest" time="0.003"/>
  <testcase name="savePriorityContentIds_persistsWithoutResettingOnboarding" classname="com.qualityalternative.app.data.PreferencesSettingsRepositoryTest" time="0.002"/>
  <testcase name="observeAppSettings_mapsLegacyInkThemeToDark" classname="com.qualityalternative.app.data.PreferencesSettingsRepositoryTest" time="0.002"/>
  <testcase name="saveContentPriority_persistsWithoutResettingOnboarding" classname="com.qualityalternative.app.data.PreferencesSettingsRepositoryTest" time="0.003"/>
  <system-out><![CDATA[]]></system-out>
  <system-err><![CDATA[]]></system-err>
</testsuite>
