<?xml version="1.0" encoding="UTF-8"?>
<testsuite name="com.qualityalternative.app.data.AndroidInterceptionMonitorTest" tests="2" skipped="0" failures="0" errors="0" timestamp="2026-04-28T11:58:09.034Z" hostname="mac-studio.home" time="0.016">
  <properties/>
  <testcase name="isAccessibilityServiceEnabled_returnsTrue_whenMasterSwitchIsOnAndServiceIsListed" classname="com.qualityalternative.app.data.AndroidInterceptionMonitorTest" time="0.013"/>
  <testcase name="isAccessibilityServiceEnabled_returnsFalse_whenMasterSwitchIsOff" classname="com.qualityalternative.app.data.AndroidInterceptionMonitorTest" time="0.0"/>
  <system-out><![CDATA[]]></system-out>
  <system-err><![CDATA[]]></system-err>
</testsuite>
