<?xml version="1.0" encoding="UTF-8"?>
<testsuite name="com.qualityalternative.app.interception.InterceptionRuntimeGateTest" tests="1" skipped="0" failures="0" errors="0" timestamp="2026-04-28T11:58:09.549Z" hostname="mac-studio.home" time="0.001">
  <properties/>
  <testcase name="shouldSuppress_returnsTrueWithinSuppressionWindow" classname="com.qualityalternative.app.interception.InterceptionRuntimeGateTest" time="0.001"/>
  <system-out><![CDATA[]]></system-out>
  <system-err><![CDATA[]]></system-err>
</testsuite>
