<?xml version="1.0" encoding="UTF-8"?>
<testsuite name="com.qualityalternative.app.ui.HomeHeroCopyTest" tests="2" skipped="0" failures="0" errors="0" timestamp="2026-04-28T11:58:09.585Z" hostname="mac-studio.home" time="0.001">
  <properties/>
  <testcase name="missingInterceptionKeepsBrandHeadlineAndMarksSetupActionUnavailable" classname="com.qualityalternative.app.ui.HomeHeroCopyTest" time="0.001"/>
  <testcase name="readyInterceptionUsesCalmReadingSetupCopy" classname="com.qualityalternative.app.ui.HomeHeroCopyTest" time="0.0"/>
  <system-out><![CDATA[]]></system-out>
  <system-err><![CDATA[]]></system-err>
</testsuite>
