<?xml version="1.0" encoding="UTF-8"?>
<testsuite name="com.qualityalternative.app.data.ReadingTimeEstimatorTest" tests="2" skipped="0" failures="0" errors="0" timestamp="2026-04-28T11:58:09.520Z" hostname="mac-studio.home" time="0.004">
  <properties/>
  <testcase name="pdfDefaultUsesInterventionSessionEstimate" classname="com.qualityalternative.app.data.ReadingTimeEstimatorTest" time="0.0"/>
  <testcase name="estimateFromTextBoundsShortAndVeryLongDocumentsToSessionRange" classname="com.qualityalternative.app.data.ReadingTimeEstimatorTest" time="0.003"/>
  <system-out><![CDATA[]]></system-out>
  <system-err><![CDATA[]]></system-err>
</testsuite>
