<?xml version="1.0" encoding="UTF-8"?>
<testsuite name="com.qualityalternative.app.data.DocumentReadingTimeEstimatorTest" tests="3" skipped="0" failures="0" errors="0" timestamp="2026-04-28T11:58:09.315Z" hostname="mac-studio.home" time="0.067">
  <properties/>
  <testcase name="markdownImportPathEstimatesShortNormalAndVeryLongText" classname="com.qualityalternative.app.data.DocumentReadingTimeEstimatorTest" time="0.013"/>
  <testcase name="epubImportPathEstimatesShortNormalAndVeryLongExtractedText" classname="com.qualityalternative.app.data.DocumentReadingTimeEstimatorTest" time="0.052"/>
  <testcase name="pdfAndUnsupportedImportPathsUseDefaultsWithoutExtraction" classname="com.qualityalternative.app.data.DocumentReadingTimeEstimatorTest" time="0.0"/>
  <system-out><![CDATA[]]></system-out>
  <system-err><![CDATA[]]></system-err>
</testsuite>
