<?xml version="1.0" encoding="UTF-8"?>
<testsuite name="com.qualityalternative.app.domain.service.RecommendationExplainerTest" tests="5" skipped="0" failures="0" errors="0" timestamp="2026-04-28T11:58:09.539Z" hostname="mac-studio.home" time="0.008">
  <properties/>
  <testcase name="explain_marksMeditationAsFiniteResetTimer" classname="com.qualityalternative.app.domain.service.RecommendationExplainerTest" time="0.003"/>
  <testcase name="explain_usesEditorialWhyThisNowAndDynamicFitChips" classname="com.qualityalternative.app.domain.service.RecommendationExplainerTest" time="0.0"/>
  <testcase name="explain_fallsBackToTopicReasonWhenItemHasNoWhyThisNow" classname="com.qualityalternative.app.domain.service.RecommendationExplainerTest" time="0.0"/>
  <testcase name="surfacedStarterPackCopyDoesNotExposeInternalCurationLanguage" classname="com.qualityalternative.app.domain.service.RecommendationExplainerTest" time="0.004"/>
  <testcase name="explain_marksUnfinishedContentAsContinuePath" classname="com.qualityalternative.app.domain.service.RecommendationExplainerTest" time="0.0"/>
  <system-out><![CDATA[]]></system-out>
  <system-err><![CDATA[]]></system-err>
</testsuite>
