<?xml version="1.0" encoding="UTF-8"?>
<testsuite name="com.qualityalternative.app.data.DocumentReadingTimeEstimatorTest" tests="5" skipped="0" failures="0" errors="0" timestamp="2026-06-07T18:38:24.634Z" hostname="mac-studio.home" time="0.889">
  <properties/>
  <testcase name="markdownImportPathEstimatesShortNormalAndVeryLongText" classname="com.qualityalternative.app.data.DocumentReadingTimeEstimatorTest" time="0.087"/>
  <testcase name="markdownImportEstimateUsesTableContentWithoutDelimiterNoise" classname="com.qualityalternative.app.data.DocumentReadingTimeEstimatorTest" time="0.001"/>
  <testcase name="epubImportPathEstimatesShortNormalAndVeryLongExtractedText" classname="com.qualityalternative.app.data.DocumentReadingTimeEstimatorTest" time="0.795"/>
  <testcase name="markdownImportEstimateCountsImageAltTextInsteadOfEmbeddedBase64Payload" classname="com.qualityalternative.app.data.DocumentReadingTimeEstimatorTest" time="0.005"/>
  <testcase name="pdfAndUnsupportedImportPathsUseDefaultsWithoutExtraction" classname="com.qualityalternative.app.data.DocumentReadingTimeEstimatorTest" time="0.001"/>
  <system-out><![CDATA[]]></system-out>
  <system-err><![CDATA[]]></system-err>
</testsuite>
