<?xml version="1.0" encoding="UTF-8"?>
<testsuite name="com.qualityalternative.app.ui.DocumentImportCandidateFactoryTest" tests="3" skipped="0" failures="0" errors="0" timestamp="2026-05-12T07:56:51.776Z" hostname="mac-studio.home" time="0.67">
  <properties/>
  <testcase name="pickedPdfAndUnsupportedCandidatesUseDefaultsWithoutWordCounts" classname="com.qualityalternative.app.ui.DocumentImportCandidateFactoryTest" time="0.003"/>
  <testcase name="pickedEpubCandidateUsesExtractedEstimateForShortNormalAndVeryLongFiles" classname="com.qualityalternative.app.ui.DocumentImportCandidateFactoryTest" time="0.627"/>
  <testcase name="pickedMarkdownCandidateUsesExtractedEstimateForShortNormalAndVeryLongFiles" classname="com.qualityalternative.app.ui.DocumentImportCandidateFactoryTest" time="0.04"/>
  <system-out><![CDATA[]]></system-out>
  <system-err><![CDATA[]]></system-err>
</testsuite>
