<?xml version='1.0' encoding='UTF-8' ?>
<testsuites tests="2" failures="0" errors="0" skipped="0" time="20.673" timestamp="2026-05-07T10:37:45" hostname="localhost">
  <testsuite name="com.qualityalternative.app.MainActivityTest" tests="2" failures="0" errors="0" skipped="0" time="20.015" timestamp="2026-05-07T10:37:45" hostname="localhost">
    <properties>
      <property name="device" value="qaApi36(AVD) - 16" />
      <property name="flavor" value="" />
      <property name="project" value=":app" />
    </properties>
    <testcase name="readerProgressPercentRestoresFromSourceAnchorAfterReaderFontChange" classname="com.qualityalternative.app.MainActivityTest" time="3.706" />
    <testcase name="readerAnnotationControlsExpandAndReopenAcrossPages" classname="com.qualityalternative.app.MainActivityTest" time="16.309" />
  </testsuite>
</testsuites>